<?xml version="1.0" encoding="UTF-8"?>
<!-- Generated by org.testng.reporters.JUnitReportReporter -->
<testsuite hostname="AGRNT-WS-002" failures="0" tests="3" name="Maven2.TestNG.sample1" time="31.023" errors="0" timestamp="2022-07-20T18:46:10 IST" skipped="0">
  <testcase classname="Maven2.TestNG.sample1" name="n1" time="1.705"/>
  <system-out/>
  <testcase classname="Maven2.TestNG.sample1" name="n3" time="11.645"/>
  <system-out/>
  <testcase classname="Maven2.TestNG.sample1" name="n2" time="17.673"/>
  <system-out/>
</testsuite> <!-- Maven2.TestNG.sample1 -->
