<?xml version="1.0" encoding="UTF-8"?>
<!-- Generated by org.testng.reporters.JUnitReportReporter -->
<testsuite hostname="AGRNT-WS-002" failures="0" tests="3" name="Maven2.TestNG.sample2" time="47.872" errors="0" timestamp="2022-07-20T18:46:10 IST" skipped="0">
  <testcase classname="Maven2.TestNG.sample2" name="m3" time="21.791"/>
  <system-out/>
  <testcase classname="Maven2.TestNG.sample2" name="m1" time="15.716"/>
  <system-out/>
  <testcase classname="Maven2.TestNG.sample2" name="m2" time="10.365"/>
  <system-out/>
</testsuite> <!-- Maven2.TestNG.sample2 -->
